<?xml version="1.0" encoding="UTF-8"?>
<!-- Generated by org.testng.reporters.JUnitXMLReporter -->
<testsuite ignored="0" hostname="Nikhil" failures="0" tests="3" name="Test" time="18.362" errors="0" timestamp="2023-05-31T18:15:39 IST">
  <testcase classname="testcase.StandAloneTest" name="display" time="3.973"/>
  <testcase classname="testcase.StandAloneTest" name="display" time="4.582"/>
  <testcase classname="testcase.WrongCredentials" name="loginWithIncorrectCredentials" time="0.443"/>
</testsuite> <!-- Test -->
