<?xml version="1.0" encoding="UTF-8"?>
<testng-results ignored="0" total="3" passed="3" failed="0" skipped="0">
  <reporter-output>
  </reporter-output>
  <suite started-at="2023-05-31T18:15:19 IST" name="Suite" finished-at="2023-05-31T18:15:38 IST" duration-ms="18362">
    <groups>
    </groups>
    <test started-at="2023-05-31T18:15:19 IST" name="Test" finished-at="2023-05-31T18:15:38 IST" duration-ms="18362">
      <class name="testcase.StandAloneTest">
        <test-method is-config="true" signature="launchApplication()[pri:0, instance:testcase.StandAloneTest@5890e879]" started-at="2023-05-31T18:15:20 IST" name="launchApplication" finished-at="2023-05-31T18:15:23 IST" duration-ms="3158" status="PASS">
          <reporter-output>
          </reporter-output>
        </test-method> <!-- launchApplication -->
        <test-method signature="display(java.lang.String,java.lang.String)[pri:0, instance:testcase.StandAloneTest@5890e879]" started-at="2023-05-31T18:15:23 IST" name="display" data-provider="getData" finished-at="2023-05-31T18:15:27 IST" duration-ms="3973" status="PASS">
          <params>
            <param index="0">
              <value>
                <![CDATA[s101@gmail.com]]>
              </value>
            </param>
            <param index="1">
              <value>
                <![CDATA[Nikhil97@]]>
              </value>
            </param>
          </params>
          <reporter-output>
          </reporter-output>
        </test-method> <!-- display -->
        <test-method is-config="true" signature="launchApplication()[pri:0, instance:testcase.StandAloneTest@5890e879]" started-at="2023-05-31T18:15:27 IST" name="launchApplication" finished-at="2023-05-31T18:15:29 IST" duration-ms="1821" status="PASS">
          <reporter-output>
          </reporter-output>
        </test-method> <!-- launchApplication -->
        <test-method signature="display(java.lang.String,java.lang.String)[pri:0, instance:testcase.StandAloneTest@5890e879]" started-at="2023-05-31T18:15:29 IST" name="display" data-provider="getData" finished-at="2023-05-31T18:15:34 IST" duration-ms="4582" status="PASS">
          <params>
            <param index="0">
              <value>
                <![CDATA[s102@gmail.com]]>
              </value>
            </param>
            <param index="1">
              <value>
                <![CDATA[Nikhil97@]]>
              </value>
            </param>
          </params>
          <reporter-output>
          </reporter-output>
        </test-method> <!-- display -->
      </class> <!-- testcase.StandAloneTest -->
      <class name="testcase.WrongCredentials">
        <test-method is-config="true" signature="launchApplication()[pri:0, instance:testcase.WrongCredentials@723ca036]" started-at="2023-05-31T18:15:34 IST" name="launchApplication" finished-at="2023-05-31T18:15:37 IST" duration-ms="3662" status="PASS">
          <reporter-output>
          </reporter-output>
        </test-method> <!-- launchApplication -->
        <test-method signature="loginWithIncorrectCredentials()[pri:0, instance:testcase.WrongCredentials@723ca036]" started-at="2023-05-31T18:15:37 IST" name="loginWithIncorrectCredentials" finished-at="2023-05-31T18:15:38 IST" duration-ms="443" status="PASS">
          <reporter-output>
          </reporter-output>
        </test-method> <!-- loginWithIncorrectCredentials -->
      </class> <!-- testcase.WrongCredentials -->
    </test> <!-- Test -->
  </suite> <!-- Suite -->
</testng-results>
